{"/home/runner/work/stimulus-store/stimulus-store/src/errors/createStoreErrorHandlers.ts": {"path":"/home/runner/work/stimulus-store/stimulus-store/src/errors/createStoreErrorHandlers.ts","statementMap":{"0":{"start":{"line":1,"column":0},"end":{"line":1,"column":53}},"1":{"start":{"line":9,"column":2},"end":{"line":11,"column":3}},"2":{"start":{"line":10,"column":4},"end":{"line":10,"column":null}},"3":{"start":{"line":8,"column":0},"end":{"line":8,"column":16}},"4":{"start":{"line":20,"column":2},"end":{"line":22,"column":3}},"5":{"start":{"line":21,"column":4},"end":{"line":21,"column":null}},"6":{"start":{"line":19,"column":0},"end":{"line":19,"column":16}},"7":{"start":{"line":31,"column":26},"end":{"line":31,"column":39}},"8":{"start":{"line":32,"column":2},"end":{"line":34,"column":3}},"9":{"start":{"line":33,"column":4},"end":{"line":33,"column":null}},"10":{"start":{"line":30,"column":0},"end":{"line":30,"column":16}},"11":{"start":{"line":44,"column":2},"end":{"line":48,"column":3}},"12":{"start":{"line":45,"column":4},"end":{"line":45,"column":null}},"13":{"start":{"line":47,"column":4},"end":{"line":47,"column":null}},"14":{"start":{"line":43,"column":0},"end":{"line":43,"column":16}}},"fnMap":{"0":{"name":"checkInitialValue","decl":{"start":{"line":8,"column":16},"end":{"line":8,"column":33}},"loc":{"start":{"line":8,"column":52},"end":{"line":12,"column":1}}},"1":{"name":"checkName","decl":{"start":{"line":19,"column":16},"end":{"line":19,"column":25}},"loc":{"start":{"line":19,"column":38},"end":{"line":23,"column":1}}},"2":{"name":"checkTypeConstructor","decl":{"start":{"line":30,"column":16},"end":{"line":30,"column":36}},"loc":{"start":{"line":30,"column":49},"end":{"line":35,"column":1}}},"3":{"name":"handleStoreSetError","decl":{"start":{"line":43,"column":16},"end":{"line":43,"column":35}},"loc":{"start":{"line":43,"column":50},"end":{"line":49,"column":1}}}},"branchMap":{"0":{"loc":{"start":{"line":9,"column":2},"end":{"line":11,"column":3}},"type":"if","locations":[{"start":{"line":9,"column":2},"end":{"line":11,"column":3}}]},"1":{"loc":{"start":{"line":20,"column":2},"end":{"line":22,"column":3}},"type":"if","locations":[{"start":{"line":20,"column":2},"end":{"line":22,"column":3}}]},"2":{"loc":{"start":{"line":32,"column":2},"end":{"line":34,"column":3}},"type":"if","locations":[{"start":{"line":32,"column":2},"end":{"line":34,"column":3}}]},"3":{"loc":{"start":{"line":44,"column":2},"end":{"line":48,"column":3}},"type":"if","locations":[{"start":{"line":44,"column":2},"end":{"line":48,"column":3}},{"start":{"line":46,"column":9},"end":{"line":48,"column":3}}]}},"s":{"0":3,"1":30,"2":2,"3":3,"4":29,"5":2,"6":3,"7":28,"8":28,"9":2,"10":3,"11":2,"12":1,"13":1,"14":3},"f":{"0":30,"1":29,"2":28,"3":2},"b":{"0":[2],"1":[2],"2":[2],"3":[1,1]}}
,"/home/runner/work/stimulus-store/stimulus-store/src/errors/storeErrorHandlers.ts": {"path":"/home/runner/work/stimulus-store/stimulus-store/src/errors/storeErrorHandlers.ts","statementMap":{"0":{"start":{"line":8,"column":2},"end":{"line":10,"column":3}},"1":{"start":{"line":9,"column":4},"end":{"line":9,"column":null}},"2":{"start":{"line":7,"column":0},"end":{"line":7,"column":16}},"3":{"start":{"line":19,"column":2},"end":{"line":19,"column":null}},"4":{"start":{"line":18,"column":0},"end":{"line":18,"column":16}}},"fnMap":{"0":{"name":"checkValue","decl":{"start":{"line":7,"column":16},"end":{"line":7,"column":26}},"loc":{"start":{"line":7,"column":84},"end":{"line":11,"column":1}}},"1":{"name":"handlePromiseError","decl":{"start":{"line":18,"column":16},"end":{"line":18,"column":34}},"loc":{"start":{"line":18,"column":49},"end":{"line":20,"column":1}}}},"branchMap":{"0":{"loc":{"start":{"line":8,"column":2},"end":{"line":10,"column":3}},"type":"if","locations":[{"start":{"line":8,"column":2},"end":{"line":10,"column":3}}]}},"s":{"0":48,"1":2,"2":4,"3":2,"4":4},"f":{"0":48,"1":2},"b":{"0":[2]}}
,"/home/runner/work/stimulus-store/stimulus-store/src/errors/useStoreErrorHandlers.ts": {"path":"/home/runner/work/stimulus-store/stimulus-store/src/errors/useStoreErrorHandlers.ts","statementMap":{"0":{"start":{"line":7,"column":2},"end":{"line":11,"column":3}},"1":{"start":{"line":8,"column":4},"end":{"line":10,"column":null}},"2":{"start":{"line":13,"column":2},"end":{"line":15,"column":3}},"3":{"start":{"line":14,"column":4},"end":{"line":14,"column":null}},"4":{"start":{"line":17,"column":2},"end":{"line":21,"column":3}},"5":{"start":{"line":18,"column":4},"end":{"line":20,"column":null}},"6":{"start":{"line":6,"column":0},"end":{"line":6,"column":16}}},"fnMap":{"0":{"name":"checkStores","decl":{"start":{"line":6,"column":16},"end":{"line":6,"column":27}},"loc":{"start":{"line":6,"column":43},"end":{"line":22,"column":1}}}},"branchMap":{"0":{"loc":{"start":{"line":7,"column":2},"end":{"line":11,"column":3}},"type":"if","locations":[{"start":{"line":7,"column":2},"end":{"line":11,"column":3}}]},"1":{"loc":{"start":{"line":13,"column":2},"end":{"line":15,"column":3}},"type":"if","locations":[{"start":{"line":13,"column":2},"end":{"line":15,"column":3}}]},"2":{"loc":{"start":{"line":17,"column":2},"end":{"line":21,"column":3}},"type":"if","locations":[{"start":{"line":17,"column":2},"end":{"line":21,"column":3}}]}},"s":{"0":28,"1":2,"2":26,"3":2,"4":24,"5":2,"6":2},"f":{"0":28},"b":{"0":[2],"1":[2],"2":[2]}}
,"/home/runner/work/stimulus-store/stimulus-store/src/errors/useStoreWarningHandlers.ts": {"path":"/home/runner/work/stimulus-store/stimulus-store/src/errors/useStoreWarningHandlers.ts","statementMap":{"0":{"start":{"line":8,"column":2},"end":{"line":15,"column":3}},"1":{"start":{"line":9,"column":4},"end":{"line":13,"column":null}},"2":{"start":{"line":14,"column":4},"end":{"line":14,"column":null}},"3":{"start":{"line":16,"column":2},"end":{"line":16,"column":null}},"4":{"start":{"line":7,"column":0},"end":{"line":7,"column":16}}},"fnMap":{"0":{"name":"warnDirectAccess","decl":{"start":{"line":7,"column":16},"end":{"line":7,"column":32}},"loc":{"start":{"line":7,"column":73},"end":{"line":17,"column":1}}}},"branchMap":{"0":{"loc":{"start":{"line":8,"column":2},"end":{"line":15,"column":3}},"type":"if","locations":[{"start":{"line":8,"column":2},"end":{"line":15,"column":3}}]}},"s":{"0":67,"1":8,"2":8,"3":59,"4":2},"f":{"0":67},"b":{"0":[8]}}
,"/home/runner/work/stimulus-store/stimulus-store/src/hooks/useStore.ts": {"path":"/home/runner/work/stimulus-store/stimulus-store/src/hooks/useStore.ts","statementMap":{"0":{"start":{"line":5,"column":0},"end":{"line":5,"column":44}},"1":{"start":{"line":6,"column":0},"end":{"line":6,"column":61}},"2":{"start":{"line":7,"column":0},"end":{"line":7,"column":68}},"3":{"start":{"line":49,"column":38},"end":{"line":49,"column":68}},"4":{"start":{"line":50,"column":47},"end":{"line":50,"column":49}},"5":{"start":{"line":53,"column":2},"end":{"line":53,"column":null}},"6":{"start":{"line":55,"column":2},"end":{"line":109,"column":null}},"7":{"start":{"line":56,"column":30},"end":{"line":56,"column":40}},"8":{"start":{"line":57,"column":38},"end":{"line":57,"column":71}},"9":{"start":{"line":58,"column":34},"end":{"line":58,"column":61}},"10":{"start":{"line":59,"column":44},"end":{"line":59,"column":90}},"11":{"start":{"line":60,"column":32},"end":{"line":60,"column":98}},"12":{"start":{"line":61,"column":39},"end":{"line":61,"column":62}},"13":{"start":{"line":63,"column":4},"end":{"line":72,"column":5}},"14":{"start":{"line":64,"column":56},"end":{"line":66,"column":7}},"15":{"start":{"line":65,"column":8},"end":{"line":65,"column":null}},"16":{"start":{"line":68,"column":25},"end":{"line":68,"column":69}},"17":{"start":{"line":69,"column":6},"end":{"line":69,"column":null}},"18":{"start":{"line":71,"column":6},"end":{"line":71,"column":null}},"19":{"start":{"line":75,"column":36},"end":{"line":75,"column":82}},"20":{"start":{"line":76,"column":4},"end":{"line":80,"column":null}},"21":{"start":{"line":79,"column":6},"end":{"line":79,"column":null}},"22":{"start":{"line":82,"column":42},"end":{"line":82,"column":65}},"23":{"start":{"line":84,"column":4},"end":{"line":88,"column":null}},"24":{"start":{"line":85,"column":17},"end":{"line":85,"column":28}},"25":{"start":{"line":90,"column":28},"end":{"line":90,"column":33}},"26":{"start":{"line":93,"column":23},"end":{"line":98,"column":6}},"27":{"start":{"line":95,"column":8},"end":{"line":95,"column":null}},"28":{"start":{"line":96,"column":8},"end":{"line":96,"column":null}},"29":{"start":{"line":101,"column":23},"end":{"line":101,"column":45}},"30":{"start":{"line":102,"column":4},"end":{"line":102,"column":null}},"31":{"start":{"line":104,"column":4},"end":{"line":108,"column":null}},"32":{"start":{"line":105,"column":17},"end":{"line":105,"column":27}},"33":{"start":{"line":111,"column":29},"end":{"line":111,"column":67}},"34":{"start":{"line":112,"column":2},"end":{"line":119,"column":null}},"35":{"start":{"line":113,"column":4},"end":{"line":117,"column":null}},"36":{"start":{"line":114,"column":6},"end":{"line":116,"column":7}},"37":{"start":{"line":115,"column":8},"end":{"line":115,"column":null}},"38":{"start":{"line":118,"column":4},"end":{"line":118,"column":null}},"39":{"start":{"line":48,"column":0},"end":{"line":48,"column":16}}},"fnMap":{"0":{"name":"useStore","decl":{"start":{"line":48,"column":16},"end":{"line":48,"column":24}},"loc":{"start":{"line":48,"column":52},"end":{"line":120,"column":1}}},"1":{"name":"(anonymous_1)","decl":{"start":{"line":55,"column":18},"end":{"line":55,"column":23}},"loc":{"start":{"line":55,"column":26},"end":{"line":109,"column":3}}},"2":{"name":"(anonymous_2)","decl":{"start":{"line":64,"column":56},"end":{"line":64,"column":61}},"loc":{"start":{"line":64,"column":64},"end":{"line":66,"column":7}}},"3":{"name":"(anonymous_3)","decl":{"start":{"line":76,"column":42},"end":{"line":76,"column":null}},"loc":{"start":{"line":78,"column":8},"end":{"line":80,"column":5}}},"4":{"name":"(anonymous_4)","decl":{"start":{"line":85,"column":11},"end":{"line":85,"column":14}},"loc":{"start":{"line":85,"column":17},"end":{"line":85,"column":28}}},"5":{"name":"(anonymous_5)","decl":{"start":{"line":94,"column":11},"end":{"line":94,"column":21}},"loc":{"start":{"line":94,"column":43},"end":{"line":97,"column":7}}},"6":{"name":"(anonymous_6)","decl":{"start":{"line":105,"column":11},"end":{"line":105,"column":14}},"loc":{"start":{"line":105,"column":17},"end":{"line":105,"column":27}}},"7":{"name":"(anonymous_7)","decl":{"start":{"line":112,"column":26},"end":{"line":112,"column":29}},"loc":{"start":{"line":112,"column":31},"end":{"line":119,"column":3}}},"8":{"name":"(anonymous_8)","decl":{"start":{"line":113,"column":33},"end":{"line":113,"column":44}},"loc":{"start":{"line":113,"column":47},"end":{"line":117,"column":5}}}},"branchMap":{"0":{"loc":{"start":{"line":63,"column":4},"end":{"line":72,"column":5}},"type":"if","locations":[{"start":{"line":63,"column":4},"end":{"line":72,"column":5}}]},"1":{"loc":{"start":{"line":114,"column":6},"end":{"line":116,"column":7}},"type":"if","locations":[{"start":{"line":114,"column":6},"end":{"line":116,"column":7}}]}},"s":{"0":1,"1":1,"2":1,"3":24,"4":24,"5":24,"6":21,"7":21,"8":21,"9":21,"10":21,"11":21,"12":21,"13":21,"14":21,"15":35,"16":21,"17":21,"18":21,"19":21,"20":21,"21":4,"22":21,"23":21,"24":5,"25":21,"26":21,"27":65,"28":65,"29":21,"30":21,"31":21,"32":6,"33":21,"34":21,"35":2,"36":2,"37":2,"38":2,"39":1},"f":{"0":24,"1":21,"2":35,"3":4,"4":5,"5":65,"6":6,"7":2,"8":2},"b":{"0":[21],"1":[2]}}
,"/home/runner/work/stimulus-store/stimulus-store/src/store/createStore.ts": {"path":"/home/runner/work/stimulus-store/stimulus-store/src/store/createStore.ts","statementMap":{"0":{"start":{"line":1,"column":0},"end":{"line":1,"column":31}},"1":{"start":{"line":3,"column":0},"end":{"line":3,"column":null}},"2":{"start":{"line":42,"column":23},"end":{"line":42,"column":35}},"3":{"start":{"line":43,"column":24},"end":{"line":43,"column":36}},"4":{"start":{"line":44,"column":35},"end":{"line":44,"column":55}},"5":{"start":{"line":45,"column":2},"end":{"line":45,"column":null}},"6":{"start":{"line":46,"column":2},"end":{"line":46,"column":null}},"7":{"start":{"line":47,"column":2},"end":{"line":47,"column":null}},"8":{"start":{"line":48,"column":21},"end":{"line":48,"column":33}},"9":{"start":{"line":50,"column":23},"end":{"line":50,"column":50}},"10":{"start":{"line":51,"column":2},"end":{"line":51,"column":null}},"11":{"start":{"line":51,"column":41},"end":{"line":51,"column":67}},"12":{"start":{"line":52,"column":2},"end":{"line":52,"column":null}},"13":{"start":{"line":41,"column":0},"end":{"line":41,"column":16}}},"fnMap":{"0":{"name":"createStore","decl":{"start":{"line":41,"column":16},"end":{"line":41,"column":27}},"loc":{"start":{"line":41,"column":49},"end":{"line":53,"column":1}}},"1":{"name":"(anonymous_1)","decl":{"start":{"line":51,"column":32},"end":{"line":51,"column":37}},"loc":{"start":{"line":51,"column":41},"end":{"line":51,"column":67}}}},"branchMap":{},"s":{"0":2,"1":2,"2":28,"3":28,"4":28,"5":28,"6":27,"7":26,"8":25,"9":25,"10":25,"11":0,"12":25,"13":2},"f":{"0":28,"1":0},"b":{}}
,"/home/runner/work/stimulus-store/stimulus-store/src/store/store.ts": {"path":"/home/runner/work/stimulus-store/stimulus-store/src/store/store.ts","statementMap":{"0":{"start":{"line":1,"column":0},"end":{"line":1,"column":77}},"1":{"start":{"line":41,"column":4},"end":{"line":41,"column":null}},"2":{"start":{"line":42,"column":4},"end":{"line":42,"column":null}},"3":{"start":{"line":43,"column":4},"end":{"line":43,"column":null}},"4":{"start":{"line":54,"column":42},"end":{"line":54,"column":46}},"5":{"start":{"line":56,"column":4},"end":{"line":56,"column":null}},"6":{"start":{"line":56,"column":37},"end":{"line":56,"column":null}},"7":{"start":{"line":57,"column":4},"end":{"line":57,"column":39}},"8":{"start":{"line":57,"column":33},"end":{"line":57,"column":39}},"9":{"start":{"line":59,"column":6},"end":{"line":59,"column":96}},"10":{"start":{"line":60,"column":4},"end":{"line":60,"column":null}},"11":{"start":{"line":61,"column":4},"end":{"line":61,"column":null}},"12":{"start":{"line":62,"column":4},"end":{"line":62,"column":null}},"13":{"start":{"line":71,"column":4},"end":{"line":71,"column":null}},"14":{"start":{"line":75,"column":4},"end":{"line":75,"column":null}},"15":{"start":{"line":85,"column":4},"end":{"line":85,"column":null}},"16":{"start":{"line":86,"column":4},"end":{"line":86,"column":25}},"17":{"start":{"line":87,"column":4},"end":{"line":87,"column":44}},"18":{"start":{"line":87,"column":17},"end":{"line":87,"column":43}},"19":{"start":{"line":96,"column":4},"end":{"line":96,"column":null}},"20":{"start":{"line":105,"column":4},"end":{"line":107,"column":null}},"21":{"start":{"line":106,"column":45},"end":{"line":106,"column":69}},"22":{"start":{"line":111,"column":4},"end":{"line":113,"column":null}},"23":{"start":{"line":112,"column":20},"end":{"line":112,"column":46}},"24":{"start":{"line":113,"column":27},"end":{"line":113,"column":47}},"25":{"start":{"line":117,"column":4},"end":{"line":122,"column":5}},"26":{"start":{"line":118,"column":28},"end":{"line":118,"column":42}},"27":{"start":{"line":119,"column":6},"end":{"line":119,"column":null}},"28":{"start":{"line":121,"column":6},"end":{"line":121,"column":null}},"29":{"start":{"line":28,"column":0},"end":{"line":28,"column":13}}},"fnMap":{"0":{"name":"(anonymous_0)","decl":{"start":{"line":40,"column":2},"end":{"line":40,"column":14}},"loc":{"start":{"line":40,"column":41},"end":{"line":44,"column":3}}},"1":{"name":"(anonymous_1)","decl":{"start":{"line":52,"column":2},"end":{"line":52,"column":7}},"loc":{"start":{"line":54,"column":48},"end":{"line":63,"column":3}}},"2":{"name":"(anonymous_2)","decl":{"start":{"line":54,"column":36},"end":{"line":54,"column":39}},"loc":{"start":{"line":54,"column":42},"end":{"line":54,"column":46}}},"3":{"name":"(anonymous_3)","decl":{"start":{"line":70,"column":2},"end":{"line":70,"column":5}},"loc":{"start":{"line":70,"column":5},"end":{"line":72,"column":3}}},"4":{"name":"(anonymous_4)","decl":{"start":{"line":74,"column":10},"end":{"line":74,"column":18}},"loc":{"start":{"line":74,"column":36},"end":{"line":76,"column":3}}},"5":{"name":"(anonymous_5)","decl":{"start":{"line":84,"column":10},"end":{"line":84,"column":19}},"loc":{"start":{"line":84,"column":42},"end":{"line":88,"column":3}}},"6":{"name":"(anonymous_6)","decl":{"start":{"line":87,"column":11},"end":{"line":87,"column":14}},"loc":{"start":{"line":87,"column":17},"end":{"line":87,"column":43}}},"7":{"name":"(anonymous_7)","decl":{"start":{"line":95,"column":10},"end":{"line":95,"column":21}},"loc":{"start":{"line":95,"column":44},"end":{"line":97,"column":3}}},"8":{"name":"(anonymous_8)","decl":{"start":{"line":104,"column":9},"end":{"line":104,"column":24}},"loc":{"start":{"line":104,"column":24},"end":{"line":108,"column":3}}},"9":{"name":"(anonymous_9)","decl":{"start":{"line":106,"column":17},"end":{"line":106,"column":18}},"loc":{"start":{"line":106,"column":45},"end":{"line":106,"column":69}}},"10":{"name":"(anonymous_10)","decl":{"start":{"line":110,"column":10},"end":{"line":110,"column":27}},"loc":{"start":{"line":110,"column":60},"end":{"line":114,"column":3}}},"11":{"name":"(anonymous_11)","decl":{"start":{"line":112,"column":14},"end":{"line":112,"column":17}},"loc":{"start":{"line":112,"column":20},"end":{"line":112,"column":46}}},"12":{"name":"(anonymous_12)","decl":{"start":{"line":113,"column":15},"end":{"line":113,"column":23}},"loc":{"start":{"line":113,"column":27},"end":{"line":113,"column":47}}},"13":{"name":"(anonymous_13)","decl":{"start":{"line":116,"column":10},"end":{"line":116,"column":15}},"loc":{"start":{"line":116,"column":104},"end":{"line":123,"column":3}}}},"branchMap":{"0":{"loc":{"start":{"line":54,"column":4},"end":{"line":54,"column":48}},"type":"default-arg","locations":[{"start":{"line":54,"column":26},"end":{"line":54,"column":48}}]},"1":{"loc":{"start":{"line":56,"column":4},"end":{"line":56,"column":null}},"type":"if","locations":[{"start":{"line":56,"column":4},"end":{"line":56,"column":null}}]},"2":{"loc":{"start":{"line":57,"column":4},"end":{"line":57,"column":39}},"type":"if","locations":[{"start":{"line":57,"column":4},"end":{"line":57,"column":39}}]},"3":{"loc":{"start":{"line":59,"column":6},"end":{"line":59,"column":96}},"type":"cond-expr","locations":[{"start":{"line":59,"column":40},"end":{"line":59,"column":85}},{"start":{"line":59,"column":88},"end":{"line":59,"column":96}}]}},"s":{"0":3,"1":33,"2":33,"3":33,"4":16,"5":48,"6":1,"7":47,"8":1,"9":46,"10":46,"11":45,"12":45,"13":130,"14":45,"15":24,"16":24,"17":24,"18":2,"19":2,"20":24,"21":24,"22":45,"23":17,"24":16,"25":1,"26":1,"27":1,"28":0,"29":3},"f":{"0":33,"1":48,"2":16,"3":130,"4":45,"5":24,"6":2,"7":2,"8":24,"9":24,"10":45,"11":17,"12":16,"13":1},"b":{"0":[46],"1":[1],"2":[1],"3":[4,42]}}
,"/home/runner/work/stimulus-store/stimulus-store/src/store/storeValuesTypeMap.ts": {"path":"/home/runner/work/stimulus-store/stimulus-store/src/store/storeValuesTypeMap.ts","statementMap":{"0":{"start":{"line":13,"column":13},"end":{"line":19,"column":null}}},"fnMap":{},"branchMap":{},"s":{"0":4},"f":{},"b":{}}
,"/home/runner/work/stimulus-store/stimulus-store/src/utils/camelize.ts": {"path":"/home/runner/work/stimulus-store/stimulus-store/src/utils/camelize.ts","statementMap":{"0":{"start":{"line":2,"column":27},"end":{"line":2,"column":48}},"1":{"start":{"line":3,"column":27},"end":{"line":3,"column":33}},"2":{"start":{"line":4,"column":25},"end":{"line":6,"column":26}},"3":{"start":{"line":5,"column":41},"end":{"line":5,"column":117}},"4":{"start":{"line":7,"column":2},"end":{"line":7,"column":null}},"5":{"start":{"line":1,"column":0},"end":{"line":1,"column":16}}},"fnMap":{"0":{"name":"camelize","decl":{"start":{"line":1,"column":16},"end":{"line":1,"column":24}},"loc":{"start":{"line":1,"column":73},"end":{"line":8,"column":1}}},"1":{"name":"(anonymous_1)","decl":{"start":{"line":5,"column":23},"end":{"line":5,"column":24}},"loc":{"start":{"line":5,"column":41},"end":{"line":5,"column":117}}}},"branchMap":{"0":{"loc":{"start":{"line":1,"column":38},"end":{"line":1,"column":73}},"type":"default-arg","locations":[{"start":{"line":1,"column":68},"end":{"line":1,"column":73}}]},"1":{"loc":{"start":{"line":5,"column":41},"end":{"line":5,"column":117}},"type":"cond-expr","locations":[{"start":{"line":5,"column":78},"end":{"line":5,"column":96}},{"start":{"line":5,"column":99},"end":{"line":5,"column":117}}]},"2":{"loc":{"start":{"line":5,"column":41},"end":{"line":5,"column":75}},"type":"binary-expr","locations":[{"start":{"line":5,"column":41},"end":{"line":5,"column":52}},{"start":{"line":5,"column":56},"end":{"line":5,"column":75}}]}},"s":{"0":88,"1":88,"2":88,"3":176,"4":88,"5":2},"f":{"0":88,"1":176},"b":{"0":[21],"1":[23,153],"2":[176,88]}}
}
