{"/home/runner/work/stimulus-store/stimulus-store/src/errors/createStoreErrorHandlers.ts": {"path":"/home/runner/work/stimulus-store/stimulus-store/src/errors/createStoreErrorHandlers.ts","statementMap":{"0":{"start":{"line":1,"column":0},"end":{"line":1,"column":53}},"1":{"start":{"line":9,"column":2},"end":{"line":11,"column":3}},"2":{"start":{"line":10,"column":4},"end":{"line":10,"column":null}},"3":{"start":{"line":8,"column":0},"end":{"line":8,"column":16}},"4":{"start":{"line":20,"column":2},"end":{"line":22,"column":3}},"5":{"start":{"line":21,"column":4},"end":{"line":21,"column":null}},"6":{"start":{"line":19,"column":0},"end":{"line":19,"column":16}},"7":{"start":{"line":31,"column":26},"end":{"line":31,"column":39}},"8":{"start":{"line":32,"column":2},"end":{"line":34,"column":3}},"9":{"start":{"line":33,"column":4},"end":{"line":33,"column":null}},"10":{"start":{"line":30,"column":0},"end":{"line":30,"column":16}},"11":{"start":{"line":44,"column":2},"end":{"line":46,"column":3}},"12":{"start":{"line":45,"column":4},"end":{"line":45,"column":null}},"13":{"start":{"line":47,"column":2},"end":{"line":47,"column":null}},"14":{"start":{"line":43,"column":0},"end":{"line":43,"column":16}}},"fnMap":{"0":{"name":"checkInitialValue","decl":{"start":{"line":8,"column":16},"end":{"line":8,"column":33}},"loc":{"start":{"line":8,"column":52},"end":{"line":12,"column":1}}},"1":{"name":"checkName","decl":{"start":{"line":19,"column":16},"end":{"line":19,"column":25}},"loc":{"start":{"line":19,"column":38},"end":{"line":23,"column":1}}},"2":{"name":"checkTypeConstructor","decl":{"start":{"line":30,"column":16},"end":{"line":30,"column":36}},"loc":{"start":{"line":30,"column":49},"end":{"line":35,"column":1}}},"3":{"name":"handleStoreSetError","decl":{"start":{"line":43,"column":16},"end":{"line":43,"column":35}},"loc":{"start":{"line":43,"column":50},"end":{"line":48,"column":1}}}},"branchMap":{"0":{"loc":{"start":{"line":9,"column":2},"end":{"line":11,"column":3}},"type":"if","locations":[{"start":{"line":9,"column":2},"end":{"line":11,"column":3}}]},"1":{"loc":{"start":{"line":20,"column":2},"end":{"line":22,"column":3}},"type":"if","locations":[{"start":{"line":20,"column":2},"end":{"line":22,"column":3}}]},"2":{"loc":{"start":{"line":32,"column":2},"end":{"line":34,"column":3}},"type":"if","locations":[{"start":{"line":32,"column":2},"end":{"line":34,"column":3}}]},"3":{"loc":{"start":{"line":44,"column":2},"end":{"line":46,"column":3}},"type":"if","locations":[{"start":{"line":44,"column":2},"end":{"line":46,"column":3}}]}},"s":{"0":3,"1":31,"2":2,"3":3,"4":30,"5":2,"6":3,"7":29,"8":29,"9":2,"10":3,"11":2,"12":1,"13":1,"14":3},"f":{"0":31,"1":30,"2":29,"3":2},"b":{"0":[2],"1":[2],"2":[2],"3":[1]}}
,"/home/runner/work/stimulus-store/stimulus-store/src/errors/storeErrorHandlers.ts": {"path":"/home/runner/work/stimulus-store/stimulus-store/src/errors/storeErrorHandlers.ts","statementMap":{"0":{"start":{"line":11,"column":2},"end":{"line":13,"column":3}},"1":{"start":{"line":12,"column":4},"end":{"line":12,"column":null}},"2":{"start":{"line":7,"column":0},"end":{"line":7,"column":16}},"3":{"start":{"line":22,"column":2},"end":{"line":22,"column":null}},"4":{"start":{"line":21,"column":0},"end":{"line":21,"column":16}}},"fnMap":{"0":{"name":"checkValue","decl":{"start":{"line":7,"column":16},"end":{"line":7,"column":26}},"loc":{"start":{"line":9,"column":43},"end":{"line":14,"column":1}}},"1":{"name":"handlePromiseError","decl":{"start":{"line":21,"column":16},"end":{"line":21,"column":34}},"loc":{"start":{"line":21,"column":49},"end":{"line":23,"column":1}}}},"branchMap":{"0":{"loc":{"start":{"line":11,"column":2},"end":{"line":13,"column":3}},"type":"if","locations":[{"start":{"line":11,"column":2},"end":{"line":13,"column":3}}]}},"s":{"0":52,"1":2,"2":4,"3":2,"4":4},"f":{"0":52,"1":2},"b":{"0":[2]}}
,"/home/runner/work/stimulus-store/stimulus-store/src/errors/useStoreErrorHandlers.ts": {"path":"/home/runner/work/stimulus-store/stimulus-store/src/errors/useStoreErrorHandlers.ts","statementMap":{"0":{"start":{"line":7,"column":2},"end":{"line":11,"column":3}},"1":{"start":{"line":8,"column":4},"end":{"line":10,"column":null}},"2":{"start":{"line":13,"column":2},"end":{"line":17,"column":3}},"3":{"start":{"line":14,"column":4},"end":{"line":16,"column":null}},"4":{"start":{"line":19,"column":2},"end":{"line":23,"column":3}},"5":{"start":{"line":20,"column":4},"end":{"line":22,"column":null}},"6":{"start":{"line":6,"column":0},"end":{"line":6,"column":16}}},"fnMap":{"0":{"name":"checkStores","decl":{"start":{"line":6,"column":16},"end":{"line":6,"column":27}},"loc":{"start":{"line":6,"column":43},"end":{"line":24,"column":1}}}},"branchMap":{"0":{"loc":{"start":{"line":7,"column":2},"end":{"line":11,"column":3}},"type":"if","locations":[{"start":{"line":7,"column":2},"end":{"line":11,"column":3}}]},"1":{"loc":{"start":{"line":13,"column":2},"end":{"line":17,"column":3}},"type":"if","locations":[{"start":{"line":13,"column":2},"end":{"line":17,"column":3}}]},"2":{"loc":{"start":{"line":19,"column":2},"end":{"line":23,"column":3}},"type":"if","locations":[{"start":{"line":19,"column":2},"end":{"line":23,"column":3}}]}},"s":{"0":29,"1":2,"2":27,"3":2,"4":25,"5":2,"6":2},"f":{"0":29},"b":{"0":[2],"1":[2],"2":[2]}}
,"/home/runner/work/stimulus-store/stimulus-store/src/errors/useStoreWarningHandlers.ts": {"path":"/home/runner/work/stimulus-store/stimulus-store/src/errors/useStoreWarningHandlers.ts","statementMap":{"0":{"start":{"line":11,"column":2},"end":{"line":18,"column":3}},"1":{"start":{"line":12,"column":4},"end":{"line":16,"column":null}},"2":{"start":{"line":17,"column":4},"end":{"line":17,"column":null}},"3":{"start":{"line":19,"column":2},"end":{"line":19,"column":null}},"4":{"start":{"line":7,"column":0},"end":{"line":7,"column":16}}},"fnMap":{"0":{"name":"warnDirectAccess","decl":{"start":{"line":7,"column":16},"end":{"line":7,"column":32}},"loc":{"start":{"line":9,"column":19},"end":{"line":20,"column":1}}}},"branchMap":{"0":{"loc":{"start":{"line":11,"column":2},"end":{"line":18,"column":3}},"type":"if","locations":[{"start":{"line":11,"column":2},"end":{"line":18,"column":3}}]}},"s":{"0":76,"1":7,"2":7,"3":69,"4":2},"f":{"0":76},"b":{"0":[7]}}
,"/home/runner/work/stimulus-store/stimulus-store/src/hooks/useStore.ts": {"path":"/home/runner/work/stimulus-store/stimulus-store/src/hooks/useStore.ts","statementMap":{"0":{"start":{"line":2,"column":0},"end":{"line":2,"column":61}},"1":{"start":{"line":3,"column":0},"end":{"line":3,"column":68}},"2":{"start":{"line":5,"column":0},"end":{"line":5,"column":44}},"3":{"start":{"line":46,"column":38},"end":{"line":46,"column":68}},"4":{"start":{"line":47,"column":47},"end":{"line":47,"column":49}},"5":{"start":{"line":50,"column":2},"end":{"line":50,"column":null}},"6":{"start":{"line":52,"column":2},"end":{"line":119,"column":null}},"7":{"start":{"line":53,"column":30},"end":{"line":53,"column":40}},"8":{"start":{"line":54,"column":38},"end":{"line":54,"column":71}},"9":{"start":{"line":55,"column":34},"end":{"line":55,"column":61}},"10":{"start":{"line":56,"column":44},"end":{"line":59,"column":13}},"11":{"start":{"line":60,"column":32},"end":{"line":60,"column":null}},"12":{"start":{"line":63,"column":39},"end":{"line":63,"column":62}},"13":{"start":{"line":65,"column":4},"end":{"line":74,"column":5}},"14":{"start":{"line":66,"column":56},"end":{"line":68,"column":7}},"15":{"start":{"line":67,"column":8},"end":{"line":67,"column":null}},"16":{"start":{"line":70,"column":25},"end":{"line":70,"column":69}},"17":{"start":{"line":71,"column":6},"end":{"line":71,"column":null}},"18":{"start":{"line":73,"column":6},"end":{"line":73,"column":null}},"19":{"start":{"line":77,"column":36},"end":{"line":80,"column":12}},"20":{"start":{"line":81,"column":4},"end":{"line":88,"column":null}},"21":{"start":{"line":87,"column":6},"end":{"line":87,"column":null}},"22":{"start":{"line":91,"column":33},"end":{"line":91,"column":76}},"23":{"start":{"line":92,"column":4},"end":{"line":94,"column":null}},"24":{"start":{"line":93,"column":6},"end":{"line":93,"column":null}},"25":{"start":{"line":96,"column":42},"end":{"line":96,"column":65}},"26":{"start":{"line":98,"column":4},"end":{"line":102,"column":null}},"27":{"start":{"line":99,"column":17},"end":{"line":99,"column":28}},"28":{"start":{"line":104,"column":19},"end":{"line":104,"column":24}},"29":{"start":{"line":107,"column":23},"end":{"line":112,"column":6}},"30":{"start":{"line":109,"column":8},"end":{"line":109,"column":null}},"31":{"start":{"line":110,"column":8},"end":{"line":110,"column":null}},"32":{"start":{"line":114,"column":4},"end":{"line":118,"column":null}},"33":{"start":{"line":115,"column":17},"end":{"line":115,"column":27}},"34":{"start":{"line":121,"column":29},"end":{"line":121,"column":67}},"35":{"start":{"line":122,"column":2},"end":{"line":129,"column":null}},"36":{"start":{"line":123,"column":4},"end":{"line":127,"column":null}},"37":{"start":{"line":124,"column":6},"end":{"line":126,"column":7}},"38":{"start":{"line":125,"column":8},"end":{"line":125,"column":null}},"39":{"start":{"line":128,"column":4},"end":{"line":128,"column":null}},"40":{"start":{"line":45,"column":0},"end":{"line":45,"column":16}}},"fnMap":{"0":{"name":"useStore","decl":{"start":{"line":45,"column":16},"end":{"line":45,"column":24}},"loc":{"start":{"line":45,"column":52},"end":{"line":130,"column":1}}},"1":{"name":"(anonymous_1)","decl":{"start":{"line":52,"column":18},"end":{"line":52,"column":19}},"loc":{"start":{"line":52,"column":28},"end":{"line":119,"column":3}}},"2":{"name":"(anonymous_2)","decl":{"start":{"line":66,"column":56},"end":{"line":66,"column":57}},"loc":{"start":{"line":66,"column":66},"end":{"line":68,"column":7}}},"3":{"name":"(anonymous_3)","decl":{"start":{"line":81,"column":42},"end":{"line":81,"column":null}},"loc":{"start":{"line":86,"column":8},"end":{"line":88,"column":5}}},"4":{"name":"(anonymous_4)","decl":{"start":{"line":92,"column":39},"end":{"line":92,"column":42}},"loc":{"start":{"line":92,"column":44},"end":{"line":94,"column":5}}},"5":{"name":"(anonymous_5)","decl":{"start":{"line":99,"column":11},"end":{"line":99,"column":14}},"loc":{"start":{"line":99,"column":17},"end":{"line":99,"column":28}}},"6":{"name":"(anonymous_6)","decl":{"start":{"line":108,"column":11},"end":{"line":108,"column":12}},"loc":{"start":{"line":108,"column":38},"end":{"line":111,"column":7}}},"7":{"name":"(anonymous_7)","decl":{"start":{"line":115,"column":11},"end":{"line":115,"column":14}},"loc":{"start":{"line":115,"column":17},"end":{"line":115,"column":27}}},"8":{"name":"(anonymous_8)","decl":{"start":{"line":122,"column":26},"end":{"line":122,"column":29}},"loc":{"start":{"line":122,"column":31},"end":{"line":129,"column":3}}},"9":{"name":"(anonymous_9)","decl":{"start":{"line":123,"column":33},"end":{"line":123,"column":34}},"loc":{"start":{"line":123,"column":49},"end":{"line":127,"column":5}}}},"branchMap":{"0":{"loc":{"start":{"line":65,"column":4},"end":{"line":74,"column":5}},"type":"if","locations":[{"start":{"line":65,"column":4},"end":{"line":74,"column":5}}]},"1":{"loc":{"start":{"line":124,"column":6},"end":{"line":126,"column":7}},"type":"if","locations":[{"start":{"line":124,"column":6},"end":{"line":126,"column":7}}]}},"s":{"0":1,"1":1,"2":1,"3":25,"4":25,"5":25,"6":22,"7":22,"8":22,"9":22,"10":22,"11":22,"12":22,"13":22,"14":22,"15":37,"16":22,"17":22,"18":22,"19":22,"20":22,"21":4,"22":22,"23":22,"24":1,"25":22,"26":22,"27":5,"28":22,"29":22,"30":74,"31":74,"32":22,"33":6,"34":22,"35":22,"36":2,"37":2,"38":2,"39":2,"40":1},"f":{"0":25,"1":22,"2":37,"3":4,"4":1,"5":5,"6":74,"7":6,"8":2,"9":2},"b":{"0":[22],"1":[2]}}
,"/home/runner/work/stimulus-store/stimulus-store/src/store/createStore.ts": {"path":"/home/runner/work/stimulus-store/stimulus-store/src/store/createStore.ts","statementMap":{"0":{"start":{"line":1,"column":0},"end":{"line":1,"column":null}},"1":{"start":{"line":10,"column":0},"end":{"line":10,"column":31}},"2":{"start":{"line":42,"column":23},"end":{"line":42,"column":35}},"3":{"start":{"line":43,"column":24},"end":{"line":43,"column":36}},"4":{"start":{"line":44,"column":35},"end":{"line":44,"column":55}},"5":{"start":{"line":45,"column":2},"end":{"line":45,"column":null}},"6":{"start":{"line":46,"column":2},"end":{"line":46,"column":null}},"7":{"start":{"line":47,"column":2},"end":{"line":47,"column":null}},"8":{"start":{"line":48,"column":21},"end":{"line":48,"column":33}},"9":{"start":{"line":50,"column":23},"end":{"line":50,"column":50}},"10":{"start":{"line":51,"column":2},"end":{"line":51,"column":null}},"11":{"start":{"line":51,"column":43},"end":{"line":51,"column":69}},"12":{"start":{"line":52,"column":2},"end":{"line":52,"column":null}},"13":{"start":{"line":41,"column":0},"end":{"line":41,"column":16}}},"fnMap":{"0":{"name":"createStore","decl":{"start":{"line":41,"column":16},"end":{"line":41,"column":27}},"loc":{"start":{"line":41,"column":49},"end":{"line":53,"column":1}}},"1":{"name":"(anonymous_1)","decl":{"start":{"line":51,"column":32},"end":{"line":51,"column":33}},"loc":{"start":{"line":51,"column":43},"end":{"line":51,"column":69}}}},"branchMap":{},"s":{"0":2,"1":2,"2":29,"3":29,"4":29,"5":29,"6":28,"7":27,"8":26,"9":26,"10":26,"11":0,"12":26,"13":2},"f":{"0":29,"1":0},"b":{}}
,"/home/runner/work/stimulus-store/stimulus-store/src/store/store.ts": {"path":"/home/runner/work/stimulus-store/stimulus-store/src/store/store.ts","statementMap":{"0":{"start":{"line":11,"column":0},"end":{"line":11,"column":77}},"1":{"start":{"line":43,"column":4},"end":{"line":43,"column":null}},"2":{"start":{"line":44,"column":4},"end":{"line":44,"column":null}},"3":{"start":{"line":45,"column":4},"end":{"line":45,"column":null}},"4":{"start":{"line":59,"column":42},"end":{"line":59,"column":46}},"5":{"start":{"line":61,"column":4},"end":{"line":62,"column":null}},"6":{"start":{"line":62,"column":6},"end":{"line":62,"column":null}},"7":{"start":{"line":63,"column":4},"end":{"line":63,"column":39}},"8":{"start":{"line":63,"column":33},"end":{"line":63,"column":39}},"9":{"start":{"line":65,"column":6},"end":{"line":67,"column":18}},"10":{"start":{"line":68,"column":4},"end":{"line":68,"column":null}},"11":{"start":{"line":69,"column":4},"end":{"line":69,"column":null}},"12":{"start":{"line":70,"column":4},"end":{"line":70,"column":null}},"13":{"start":{"line":71,"column":4},"end":{"line":71,"column":null}},"14":{"start":{"line":80,"column":4},"end":{"line":80,"column":null}},"15":{"start":{"line":87,"column":4},"end":{"line":87,"column":null}},"16":{"start":{"line":91,"column":4},"end":{"line":91,"column":null}},"17":{"start":{"line":95,"column":4},"end":{"line":95,"column":null}},"18":{"start":{"line":95,"column":34},"end":{"line":95,"column":null}},"19":{"start":{"line":105,"column":4},"end":{"line":105,"column":null}},"20":{"start":{"line":106,"column":4},"end":{"line":106,"column":25}},"21":{"start":{"line":107,"column":4},"end":{"line":107,"column":44}},"22":{"start":{"line":107,"column":17},"end":{"line":107,"column":43}},"23":{"start":{"line":116,"column":4},"end":{"line":116,"column":null}},"24":{"start":{"line":125,"column":4},"end":{"line":127,"column":null}},"25":{"start":{"line":126,"column":45},"end":{"line":126,"column":69}},"26":{"start":{"line":131,"column":4},"end":{"line":133,"column":null}},"27":{"start":{"line":132,"column":20},"end":{"line":132,"column":46}},"28":{"start":{"line":133,"column":29},"end":{"line":133,"column":49}},"29":{"start":{"line":140,"column":4},"end":{"line":145,"column":5}},"30":{"start":{"line":141,"column":28},"end":{"line":141,"column":42}},"31":{"start":{"line":142,"column":6},"end":{"line":142,"column":null}},"32":{"start":{"line":144,"column":6},"end":{"line":144,"column":null}},"33":{"start":{"line":29,"column":0},"end":{"line":29,"column":13}}},"fnMap":{"0":{"name":"(anonymous_0)","decl":{"start":{"line":42,"column":2},"end":{"line":42,"column":14}},"loc":{"start":{"line":42,"column":41},"end":{"line":46,"column":3}}},"1":{"name":"(anonymous_1)","decl":{"start":{"line":54,"column":2},"end":{"line":54,"column":7}},"loc":{"start":{"line":59,"column":48},"end":{"line":72,"column":3}}},"2":{"name":"(anonymous_2)","decl":{"start":{"line":59,"column":36},"end":{"line":59,"column":39}},"loc":{"start":{"line":59,"column":42},"end":{"line":59,"column":46}}},"3":{"name":"(anonymous_3)","decl":{"start":{"line":79,"column":2},"end":{"line":79,"column":5}},"loc":{"start":{"line":79,"column":5},"end":{"line":81,"column":3}}},"4":{"name":"(anonymous_4)","decl":{"start":{"line":86,"column":2},"end":{"line":86,"column":12}},"loc":{"start":{"line":86,"column":12},"end":{"line":88,"column":3}}},"5":{"name":"(anonymous_5)","decl":{"start":{"line":90,"column":10},"end":{"line":90,"column":18}},"loc":{"start":{"line":90,"column":36},"end":{"line":92,"column":3}}},"6":{"name":"(anonymous_6)","decl":{"start":{"line":94,"column":10},"end":{"line":94,"column":25}},"loc":{"start":{"line":94,"column":43},"end":{"line":96,"column":3}}},"7":{"name":"(anonymous_7)","decl":{"start":{"line":104,"column":10},"end":{"line":104,"column":19}},"loc":{"start":{"line":104,"column":42},"end":{"line":108,"column":3}}},"8":{"name":"(anonymous_8)","decl":{"start":{"line":107,"column":11},"end":{"line":107,"column":14}},"loc":{"start":{"line":107,"column":17},"end":{"line":107,"column":43}}},"9":{"name":"(anonymous_9)","decl":{"start":{"line":115,"column":10},"end":{"line":115,"column":21}},"loc":{"start":{"line":115,"column":44},"end":{"line":117,"column":3}}},"10":{"name":"(anonymous_10)","decl":{"start":{"line":124,"column":9},"end":{"line":124,"column":24}},"loc":{"start":{"line":124,"column":24},"end":{"line":128,"column":3}}},"11":{"name":"(anonymous_11)","decl":{"start":{"line":126,"column":17},"end":{"line":126,"column":18}},"loc":{"start":{"line":126,"column":45},"end":{"line":126,"column":69}}},"12":{"name":"(anonymous_12)","decl":{"start":{"line":130,"column":10},"end":{"line":130,"column":27}},"loc":{"start":{"line":130,"column":60},"end":{"line":134,"column":3}}},"13":{"name":"(anonymous_13)","decl":{"start":{"line":132,"column":14},"end":{"line":132,"column":17}},"loc":{"start":{"line":132,"column":20},"end":{"line":132,"column":46}}},"14":{"name":"(anonymous_14)","decl":{"start":{"line":133,"column":15},"end":{"line":133,"column":16}},"loc":{"start":{"line":133,"column":29},"end":{"line":133,"column":49}}},"15":{"name":"(anonymous_15)","decl":{"start":{"line":136,"column":10},"end":{"line":136,"column":15}},"loc":{"start":{"line":138,"column":23},"end":{"line":146,"column":3}}}},"branchMap":{"0":{"loc":{"start":{"line":59,"column":4},"end":{"line":59,"column":48}},"type":"default-arg","locations":[{"start":{"line":59,"column":26},"end":{"line":59,"column":48}}]},"1":{"loc":{"start":{"line":61,"column":4},"end":{"line":62,"column":null}},"type":"if","locations":[{"start":{"line":61,"column":4},"end":{"line":62,"column":null}}]},"2":{"loc":{"start":{"line":63,"column":4},"end":{"line":63,"column":39}},"type":"if","locations":[{"start":{"line":63,"column":4},"end":{"line":63,"column":39}}]},"3":{"loc":{"start":{"line":65,"column":6},"end":{"line":67,"column":18}},"type":"cond-expr","locations":[{"start":{"line":66,"column":11},"end":{"line":66,"column":56}},{"start":{"line":67,"column":10},"end":{"line":67,"column":18}}]},"4":{"loc":{"start":{"line":95,"column":4},"end":{"line":95,"column":null}},"type":"if","locations":[{"start":{"line":95,"column":4},"end":{"line":95,"column":null}}]}},"s":{"0":3,"1":36,"2":36,"3":36,"4":17,"5":52,"6":1,"7":51,"8":1,"9":50,"10":50,"11":49,"12":49,"13":49,"14":140,"15":2,"16":51,"17":49,"18":33,"19":25,"20":25,"21":25,"22":2,"23":2,"24":25,"25":25,"26":49,"27":18,"28":17,"29":1,"30":1,"31":1,"32":0,"33":3},"f":{"0":36,"1":52,"2":17,"3":140,"4":2,"5":51,"6":49,"7":25,"8":2,"9":2,"10":25,"11":25,"12":49,"13":18,"14":17,"15":1},"b":{"0":[50],"1":[1],"2":[1],"3":[4,46],"4":[33]}}
,"/home/runner/work/stimulus-store/stimulus-store/src/store/storeValuesTypeMap.ts": {"path":"/home/runner/work/stimulus-store/stimulus-store/src/store/storeValuesTypeMap.ts","statementMap":{"0":{"start":{"line":13,"column":13},"end":{"line":19,"column":null}}},"fnMap":{},"branchMap":{},"s":{"0":4},"f":{},"b":{}}
,"/home/runner/work/stimulus-store/stimulus-store/src/utils/camelize.ts": {"path":"/home/runner/work/stimulus-store/stimulus-store/src/utils/camelize.ts","statementMap":{"0":{"start":{"line":2,"column":27},"end":{"line":2,"column":48}},"1":{"start":{"line":3,"column":27},"end":{"line":3,"column":33}},"2":{"start":{"line":4,"column":25},"end":{"line":10,"column":26}},"3":{"start":{"line":6,"column":6},"end":{"line":8,"column":28}},"4":{"start":{"line":11,"column":2},"end":{"line":11,"column":null}},"5":{"start":{"line":1,"column":0},"end":{"line":1,"column":16}}},"fnMap":{"0":{"name":"camelize","decl":{"start":{"line":1,"column":16},"end":{"line":1,"column":24}},"loc":{"start":{"line":1,"column":64},"end":{"line":12,"column":1}}},"1":{"name":"(anonymous_1)","decl":{"start":{"line":5,"column":23},"end":{"line":5,"column":24}},"loc":{"start":{"line":6,"column":6},"end":{"line":8,"column":28}}}},"branchMap":{"0":{"loc":{"start":{"line":1,"column":38},"end":{"line":1,"column":64}},"type":"default-arg","locations":[{"start":{"line":1,"column":59},"end":{"line":1,"column":64}}]},"1":{"loc":{"start":{"line":6,"column":6},"end":{"line":8,"column":28}},"type":"cond-expr","locations":[{"start":{"line":7,"column":10},"end":{"line":7,"column":28}},{"start":{"line":8,"column":10},"end":{"line":8,"column":28}}]},"2":{"loc":{"start":{"line":6,"column":6},"end":{"line":6,"column":40}},"type":"binary-expr","locations":[{"start":{"line":6,"column":6},"end":{"line":6,"column":17}},{"start":{"line":6,"column":21},"end":{"line":6,"column":40}}]}},"s":{"0":114,"1":114,"2":114,"3":228,"4":114,"5":2},"f":{"0":114,"1":228},"b":{"0":[22],"1":[24,204],"2":[228,114]}}
}
