TN:
SF:src/errors/createStoreErrorHandlers.ts
FN:8,checkInitialValue
FN:19,checkName
FN:30,checkTypeConstructor
FN:43,handleStoreSetError
FNF:4
FNH:4
FNDA:30,checkInitialValue
FNDA:29,checkName
FNDA:28,checkTypeConstructor
FNDA:2,handleStoreSetError
DA:1,3
DA:8,3
DA:9,30
DA:10,2
DA:19,3
DA:20,29
DA:21,2
DA:30,3
DA:31,28
DA:32,28
DA:33,2
DA:43,3
DA:44,2
DA:45,1
DA:47,1
LF:15
LH:15
BRDA:9,0,0,2
BRDA:20,1,0,2
BRDA:32,2,0,2
BRDA:44,3,0,1
BRDA:44,3,1,1
BRF:5
BRH:5
end_of_record
TN:
SF:src/errors/storeErrorHandlers.ts
FN:7,checkValue
FN:18,handlePromiseError
FNF:2
FNH:2
FNDA:48,checkValue
FNDA:2,handlePromiseError
DA:7,4
DA:8,48
DA:9,2
DA:18,4
DA:19,2
LF:5
LH:5
BRDA:8,0,0,2
BRF:1
BRH:1
end_of_record
TN:
SF:src/errors/useStoreErrorHandlers.ts
FN:6,checkStores
FNF:1
FNH:1
FNDA:28,checkStores
DA:6,2
DA:7,28
DA:8,2
DA:13,26
DA:14,2
DA:17,24
DA:18,2
LF:7
LH:7
BRDA:7,0,0,2
BRDA:13,1,0,2
BRDA:17,2,0,2
BRF:3
BRH:3
end_of_record
TN:
SF:src/errors/useStoreWarningHandlers.ts
FN:7,warnDirectAccess
FNF:1
FNH:1
FNDA:67,warnDirectAccess
DA:7,2
DA:8,67
DA:9,8
DA:14,8
DA:16,59
LF:5
LH:5
BRDA:8,0,0,8
BRF:1
BRH:1
end_of_record
TN:
SF:src/hooks/useStore.ts
FN:48,useStore
FN:55,(anonymous_1)
FN:64,(anonymous_2)
FN:76,(anonymous_3)
FN:85,(anonymous_4)
FN:94,(anonymous_5)
FN:105,(anonymous_6)
FN:112,(anonymous_7)
FN:113,(anonymous_8)
FNF:9
FNH:9
FNDA:24,useStore
FNDA:21,(anonymous_1)
FNDA:35,(anonymous_2)
FNDA:4,(anonymous_3)
FNDA:5,(anonymous_4)
FNDA:65,(anonymous_5)
FNDA:6,(anonymous_6)
FNDA:2,(anonymous_7)
FNDA:2,(anonymous_8)
DA:5,1
DA:6,1
DA:7,1
DA:48,1
DA:49,24
DA:50,24
DA:53,24
DA:55,21
DA:56,21
DA:57,21
DA:58,21
DA:59,21
DA:60,21
DA:61,21
DA:63,21
DA:64,21
DA:65,35
DA:68,21
DA:69,21
DA:71,21
DA:75,21
DA:76,21
DA:79,4
DA:82,21
DA:84,21
DA:85,5
DA:90,21
DA:93,21
DA:95,65
DA:96,65
DA:101,21
DA:102,21
DA:104,21
DA:105,6
DA:111,21
DA:112,21
DA:113,2
DA:114,2
DA:115,2
DA:118,2
LF:40
LH:40
BRDA:63,0,0,21
BRDA:114,1,0,2
BRF:2
BRH:2
end_of_record
TN:
SF:src/store/createStore.ts
FN:41,createStore
FN:51,(anonymous_1)
FNF:2
FNH:1
FNDA:28,createStore
FNDA:0,(anonymous_1)
DA:1,2
DA:3,2
DA:41,2
DA:42,28
DA:43,28
DA:44,28
DA:45,28
DA:46,27
DA:47,26
DA:48,25
DA:50,25
DA:51,25
DA:52,25
LF:13
LH:13
BRF:0
BRH:0
end_of_record
TN:
SF:src/store/store.ts
FN:40,(anonymous_0)
FN:52,(anonymous_1)
FN:54,(anonymous_2)
FN:70,(anonymous_3)
FN:74,(anonymous_4)
FN:84,(anonymous_5)
FN:87,(anonymous_6)
FN:95,(anonymous_7)
FN:104,(anonymous_8)
FN:106,(anonymous_9)
FN:110,(anonymous_10)
FN:112,(anonymous_11)
FN:113,(anonymous_12)
FN:116,(anonymous_13)
FNF:14
FNH:14
FNDA:33,(anonymous_0)
FNDA:48,(anonymous_1)
FNDA:16,(anonymous_2)
FNDA:130,(anonymous_3)
FNDA:45,(anonymous_4)
FNDA:24,(anonymous_5)
FNDA:2,(anonymous_6)
FNDA:2,(anonymous_7)
FNDA:24,(anonymous_8)
FNDA:24,(anonymous_9)
FNDA:45,(anonymous_10)
FNDA:17,(anonymous_11)
FNDA:16,(anonymous_12)
FNDA:1,(anonymous_13)
DA:1,3
DA:28,3
DA:41,33
DA:42,33
DA:43,33
DA:54,16
DA:56,48
DA:57,47
DA:59,46
DA:60,46
DA:61,45
DA:62,45
DA:71,130
DA:75,45
DA:85,24
DA:86,24
DA:87,24
DA:96,2
DA:105,24
DA:106,24
DA:111,45
DA:112,17
DA:113,16
DA:117,1
DA:118,1
DA:119,1
DA:121,0
LF:27
LH:26
BRDA:54,0,0,46
BRDA:56,1,0,1
BRDA:57,2,0,1
BRDA:59,3,0,4
BRDA:59,3,1,42
BRF:5
BRH:5
end_of_record
TN:
SF:src/store/storeValuesTypeMap.ts
FNF:0
FNH:0
DA:13,4
LF:1
LH:1
BRF:0
BRH:0
end_of_record
TN:
SF:src/utils/camelize.ts
FN:1,camelize
FN:5,(anonymous_1)
FNF:2
FNH:2
FNDA:88,camelize
FNDA:176,(anonymous_1)
DA:1,2
DA:2,88
DA:3,88
DA:4,88
DA:5,176
DA:7,88
LF:6
LH:6
BRDA:1,0,0,21
BRDA:5,1,0,23
BRDA:5,1,1,153
BRDA:5,2,0,176
BRDA:5,2,1,88
BRF:5
BRH:5
end_of_record
