TN:
SF:src/errors/createStoreErrorHandlers.ts
FN:8,checkInitialValue
FN:19,checkName
FN:30,checkTypeConstructor
FN:43,handleStoreSetError
FNF:4
FNH:4
FNDA:31,checkInitialValue
FNDA:30,checkName
FNDA:29,checkTypeConstructor
FNDA:2,handleStoreSetError
DA:1,3
DA:8,3
DA:9,31
DA:10,2
DA:19,3
DA:20,30
DA:21,2
DA:30,3
DA:31,29
DA:32,29
DA:33,2
DA:43,3
DA:44,2
DA:45,1
DA:47,1
LF:15
LH:15
BRDA:9,0,0,2
BRDA:20,1,0,2
BRDA:32,2,0,2
BRDA:44,3,0,1
BRF:4
BRH:4
end_of_record
TN:
SF:src/errors/storeErrorHandlers.ts
FN:7,checkValue
FN:21,handlePromiseError
FNF:2
FNH:2
FNDA:52,checkValue
FNDA:2,handlePromiseError
DA:7,4
DA:11,52
DA:12,2
DA:21,4
DA:22,2
LF:5
LH:5
BRDA:11,0,0,2
BRF:1
BRH:1
end_of_record
TN:
SF:src/errors/useStoreErrorHandlers.ts
FN:6,checkStores
FNF:1
FNH:1
FNDA:29,checkStores
DA:6,2
DA:7,29
DA:8,2
DA:13,27
DA:14,2
DA:19,25
DA:20,2
LF:7
LH:7
BRDA:7,0,0,2
BRDA:13,1,0,2
BRDA:19,2,0,2
BRF:3
BRH:3
end_of_record
TN:
SF:src/errors/useStoreWarningHandlers.ts
FN:7,warnDirectAccess
FNF:1
FNH:1
FNDA:76,warnDirectAccess
DA:7,2
DA:11,76
DA:12,7
DA:17,7
DA:19,69
LF:5
LH:5
BRDA:11,0,0,7
BRF:1
BRH:1
end_of_record
TN:
SF:src/hooks/useStore.ts
FN:45,useStore
FN:52,(anonymous_1)
FN:66,(anonymous_2)
FN:81,(anonymous_3)
FN:92,(anonymous_4)
FN:99,(anonymous_5)
FN:108,(anonymous_6)
FN:115,(anonymous_7)
FN:122,(anonymous_8)
FN:123,(anonymous_9)
FNF:10
FNH:10
FNDA:25,useStore
FNDA:22,(anonymous_1)
FNDA:37,(anonymous_2)
FNDA:4,(anonymous_3)
FNDA:1,(anonymous_4)
FNDA:5,(anonymous_5)
FNDA:74,(anonymous_6)
FNDA:6,(anonymous_7)
FNDA:2,(anonymous_8)
FNDA:2,(anonymous_9)
DA:2,1
DA:3,1
DA:5,1
DA:45,1
DA:46,25
DA:47,25
DA:50,25
DA:52,22
DA:53,22
DA:54,22
DA:55,22
DA:56,22
DA:60,22
DA:63,22
DA:65,22
DA:66,22
DA:67,37
DA:70,22
DA:71,22
DA:73,22
DA:77,22
DA:81,22
DA:87,4
DA:91,22
DA:92,22
DA:93,1
DA:96,22
DA:98,22
DA:99,5
DA:104,22
DA:107,22
DA:109,74
DA:110,74
DA:114,22
DA:115,6
DA:121,22
DA:122,22
DA:123,2
DA:124,2
DA:125,2
DA:128,2
LF:41
LH:41
BRDA:65,0,0,22
BRDA:124,1,0,2
BRF:2
BRH:2
end_of_record
TN:
SF:src/store/createStore.ts
FN:41,createStore
FN:51,(anonymous_1)
FNF:2
FNH:1
FNDA:29,createStore
FNDA:0,(anonymous_1)
DA:1,2
DA:10,2
DA:41,2
DA:42,29
DA:43,29
DA:44,29
DA:45,29
DA:46,28
DA:47,27
DA:48,26
DA:50,26
DA:51,26
DA:52,26
LF:13
LH:13
BRF:0
BRH:0
end_of_record
TN:
SF:src/store/store.ts
FN:42,(anonymous_0)
FN:54,(anonymous_1)
FN:59,(anonymous_2)
FN:79,(anonymous_3)
FN:86,(anonymous_4)
FN:90,(anonymous_5)
FN:94,(anonymous_6)
FN:104,(anonymous_7)
FN:107,(anonymous_8)
FN:115,(anonymous_9)
FN:124,(anonymous_10)
FN:126,(anonymous_11)
FN:130,(anonymous_12)
FN:132,(anonymous_13)
FN:133,(anonymous_14)
FN:136,(anonymous_15)
FNF:16
FNH:16
FNDA:36,(anonymous_0)
FNDA:52,(anonymous_1)
FNDA:17,(anonymous_2)
FNDA:140,(anonymous_3)
FNDA:2,(anonymous_4)
FNDA:51,(anonymous_5)
FNDA:49,(anonymous_6)
FNDA:25,(anonymous_7)
FNDA:2,(anonymous_8)
FNDA:2,(anonymous_9)
FNDA:25,(anonymous_10)
FNDA:25,(anonymous_11)
FNDA:49,(anonymous_12)
FNDA:18,(anonymous_13)
FNDA:17,(anonymous_14)
FNDA:1,(anonymous_15)
DA:11,3
DA:29,3
DA:43,36
DA:44,36
DA:45,36
DA:59,17
DA:61,52
DA:62,1
DA:63,51
DA:65,50
DA:68,50
DA:69,49
DA:70,49
DA:71,49
DA:80,140
DA:87,2
DA:91,51
DA:95,49
DA:105,25
DA:106,25
DA:107,25
DA:116,2
DA:125,25
DA:126,25
DA:131,49
DA:132,18
DA:133,17
DA:140,1
DA:141,1
DA:142,1
DA:144,0
LF:31
LH:30
BRDA:59,0,0,50
BRDA:61,1,0,1
BRDA:63,2,0,1
BRDA:65,3,0,4
BRDA:65,3,1,46
BRDA:95,4,0,33
BRF:6
BRH:6
end_of_record
TN:
SF:src/store/storeValuesTypeMap.ts
FNF:0
FNH:0
DA:13,4
LF:1
LH:1
BRF:0
BRH:0
end_of_record
TN:
SF:src/utils/camelize.ts
FN:1,camelize
FN:5,(anonymous_1)
FNF:2
FNH:2
FNDA:114,camelize
FNDA:228,(anonymous_1)
DA:1,2
DA:2,114
DA:3,114
DA:4,114
DA:6,228
DA:11,114
LF:6
LH:6
BRDA:1,0,0,22
BRDA:6,1,0,24
BRDA:6,1,1,204
BRDA:6,2,0,228
BRDA:6,2,1,114
BRF:5
BRH:5
end_of_record
